Время: 2.9686 сек.<br/>Время: 1.2319 сек.<br/>Время: 1.1811 сек.<br/>Время: 1.1691 сек.<br/>Время: 1.1521 сек.<br/>Время: 1.1758 сек.<br/>Время: 1.1742 сек.<br/>Время: 1.1421 сек.<br/>Время: 1.1471 сек.<br/>Время: 1.1427 сек.<br/>Время: 1.2081 сек.<br/>Время: 1.1412 сек.<br/>Время: 1.1657 сек.<br/>Время: 1.1437 сек.<br/>Время: 1.169 сек.<br/>Время: 1.1517 сек.<br/>Время: 1.1513 сек.<br/>Время: 1.1677 сек.<br/>Время: 1.1672 сек.<br/>Время: 1.1731 сек.<br/>Время: 1.1573 сек.<br/>Время: 1.1772 сек.<br/>Время: 1.1593 сек.<br/>Время: 1.609 сек.<br/>Время: 1.1795 сек.<br/>429{"code":-1003,"msg":"Too much request weight used; current limit is 1200 request weight per 1 MINUTE. Please use the websocket for live updates to avoid polling the API."}<br/>Array
(
    [quest] => GET
    [points] => /api/v3/openOrders?timestamp=1612103758511&signature=636f40882f7678317e9ef24758271732d426d46e3c4c90ebf4cfa8685134f491
)
<br/>Время: 3.1759 сек.<br/>Время: 1.1577 сек.<br/>Время: 1.1796 сек.<br/>Время: 1.1855 сек.<br/>Время: 1.1609 сек.<br/>Время: 1.1729 сек.<br/>Время: 1.1536 сек.<br/>Время: 1.1724 сек.<br/>Время: 1.1484 сек.<br/>Время: 1.1905 сек.<br/>Время: 1.1656 сек.<br/>Время: 1.156 сек.<br/>Время: 1.1818 сек.<br/>Время: 1.1494 сек.<br/>Время: 1.1755 сек.<br/>Время: 1.1889 сек.<br/>Время: 1.181 сек.<br/>Время: 1.1883 сек.<br/>Время: 1.2023 сек.<br/>Время: 1.1919 сек.<br/>Время: 1.6807 сек.<br/>Время: 1.1689 сек.<br/>Время: 1.1653 сек.<br/>Время: 1.5875 сек.<br/>Время: 1.1879 сек.<br/>Время: 1.1963 сек.<br/>429{"code":-1003,"msg":"Too much request weight used; current limit is 1200 request weight per 1 MINUTE. Please use the websocket for live updates to avoid polling the API."}<br/>Array
(
    [quest] => GET
    [points] => /api/v3/openOrders?timestamp=1612103818387&signature=04d1329741e5d8d608dcbadc4b63372c6878d9ee5d67b5e0befd88dcbe6cb65c
)
<br/>Время: 3.5787 сек.<br/>Время: 1.1537 сек.<br/>Время: 1.17 сек.<br/>Время: 1.1956 сек.<br/>Время: 1.1507 сек.<br/>Время: 1.175 сек.<br/>Время: 1.1752 сек.<br/>Время: 1.183 сек.<br/>Время: 1.1449 сек.<br/>Время: 1.1752 сек.<br/>Время: 1.2125 сек.<br/>Время: 1.1745 сек.<br/>Время: 1.1546 сек.<br/>Время: 1.1771 сек.<br/>Время: 1.1671 сек.<br/>Время: 1.1912 сек.<br/>Время: 1.173 сек.<br/>Время: 1.1611 сек.<br/>Время: 1.1501 сек.<br/>Время: 1.1805 сек.<br/>Время: 1.1677 сек.<br/>Время: 1.1654 сек.<br/>Время: 1.178 сек.<br/>Время: 2.0408 сек.<br/>Время: 1.154 сек.<br/>Время: 1.1723 сек.<br/>429{"code":-1003,"msg":"Too much request weight used; current limit is 1200 request weight per 1 MINUTE. Please use the websocket for live updates to avoid polling the API."}<br/>Array
(
    [quest] => GET
    [points] => /api/v3/account?timestamp=1612103878073&signature=8e1023b43f4fe350809a75ca8f02427afc11ed237c3d1490920d28fcbe2c69ac
)
<br/>Время: 1.1584 сек.<br/>Время: 1.1697 сек.<br/>Время: 1.1715 сек.<br/>Время: 1.1432 сек.<br/>Время: 1.1759 сек.<br/>Время: 1.1998 сек.<br/>Время: 1.1491 сек.<br/>Время: 1.1991 сек.<br/>Время: 1.1784 сек.<br/>Время: 1.1548 сек.<br/>Время: 1.1652 сек.<br/>Время: 1.1371 сек.<br/>Время: 1.1366 сек.<br/>Время: 1.1202 сек.<br/>Время: 1.143 сек.<br/>Время: 1.1237 сек.<br/>Время: 1.1532 сек.<br/>Время: 1.1724 сек.<br/>Время: 1.1709 сек.<br/>Время: 1.1538 сек.<br/>Время: 1.1525 сек.<br/>Время: 1.1245 сек.<br/>Время: 1.1523 сек.<br/>Время: 1.1398 сек.<br/>Время: 1.1441 сек.<br/>Время: 1.14 сек.<br/>Время: 1.1643 сек.<br/>Время: 1.1456 сек.<br/>Время: 1.168 сек.<br/>Время: 1.183 сек.<br/>Время: 1.159 сек.<br/>429{"code":-1003,"msg":"Too much request weight used; current limit is 1200 request weight per 1 MINUTE. Please use the websocket for live updates to avoid polling the API."}<br/>Array
(
    [quest] => GET
    [points] => /api/v3/time
)
<br/>host : 1612999616734 2021-02-11 01:26:56<br/>api  :  1970-01-01 02:00:00<br/>difference: -1612999616734<br/> КОНСТРУКТОР STOP429{"code":-1003,"msg":"Too much request weight used; current limit is 1200 request weight per 1 MINUTE. Please use the websocket for live updates to avoid polling the API."}<br/>Array
(
    [quest] => GET
    [points] => /api/v3/time
)
<br/>host : 1612999618984 2021-02-11 01:26:58<br/>api  :  1970-01-01 02:00:00<br/>difference: -1612999618984<br/> КОНСТРУКТОР STOPВремя: 1.1602 сек.<br/>Время: 1.1549 сек.<br/>Время: 1.1388 сек.<br/>Время: 1.1602 сек.<br/>Время: 1.1226 сек.<br/>Время: 1.1281 сек.<br/>Время: 1.1493 сек.<br/>Время: 1.5643 сек.<br/>Время: 1.15 сек.<br/>Время: 1.1542 сек.<br/>Время: 1.1298 сек.<br/>Время: 1.152 сек.<br/>Время: 1.1392 сек.<br/>Время: 1.1589 сек.<br/>Время: 1.1182 сек.<br/>Время: 1.9972 сек.<br/>Время: 1.1403 сек.<br/>Время: 1.1544 сек.<br/>Время: 1.1515 сек.<br/>